<?xml version="1.0" encoding="UTF-8"?>
<!-- Generated by org.testng.reporters.JUnitReportReporter -->
<testsuite name="testcases.OnboardingMerchant" tests="1" time="208.753" ignored="0" failures="0" timestamp="03 May 2019 09:08:05 GMT" skipped="0" hostname="AWLIN-DT-11539" errors="0">
  <testcase name="OnboardingMerchant" time="208.753" classname="testcases.OnboardingMerchant"/>
</testsuite> <!-- testcases.OnboardingMerchant -->
